1531457027315	geckodriver	INFO	geckodriver 0.21.0
1531457027330	geckodriver	INFO	Listening on 127.0.0.1:52938
1531457030350	mozrunner::runner	INFO	Running command: "C:\\Program Files (x86)\\Mozilla Firefox\\firefox.exe" "-marionette" "-foreground" "-no-remote" "-profile" "D:\\Users\\BertoTech\\TEMP\\rust_mozprofile.SAaasGyo5Idd"
Unable to read VR Path Registry from C:\Users\BertoTech\AppData\Local\openvr\openvrpaths.vrpath
Unable to read VR Path Registry from C:\Users\BertoTech\AppData\Local\openvr\openvrpaths.vrpath
Unable to read VR Path Registry from C:\Users\BertoTech\AppData\Local\openvr\openvrpaths.vrpath
Unable to read VR Path Registry from C:\Users\BertoTech\AppData\Local\openvr\openvrpaths.vrpath
Unable to read VR Path Registry from C:\Users\BertoTech\AppData\Local\openvr\openvrpaths.vrpath
1531457037249	Marionette	INFO	Listening on port 52946
1531457037838	Marionette	WARN	TLS certificate errors will be ignored for this session
[Parent 7484, Gecko_IOThread] WARNING: pipe error: 109: file z:/build/build/src/ipc/chromium/src/chrome/common/ipc_channel_win.cc, line 346
[Child 2688, Chrome_ChildThread] WARNING: pipe error: 109: file z:/build/build/src/ipc/chromium/src/chrome/common/ipc_channel_win.cc, line 346
[Child 2[Child 11588, Chrome_ChildThread] WARNING: pipe error: 109: file z:/build/build/src/ipc/chromium/src/chrome/common/ipc_channel_win.cc, line 346
[Child 11588, Chro[Parent 7484, Gecko_IOThread] WARNING: pipe error: 109: file z:/build/build/src/ipc/chromium/src/chrome/common/ipc_channel_win.cc, line 346
[Child 1772, Chrome_ChildThread] WARNING: pipe error: 109: file z:/build/build/src/ipc/chromium/src/chrome/common/ipc_channel_win.cc, line 346
[Child*** UTM:SVC TimerManager:registerTimer called after profile-before-change notification. Ignoring timer registration for id: telemetry_modules_ping

###!!! [Child][MessageChannel::SendAndWait] Error: Channel error: cannot send/recv

in.cc, line 346
[Child*** UTM:SVC TimerManager:registerTimer called after profile-before-change notification. Ignoring timer registration for id: telemetry_modules_ping

###!!! [Child][MessageChannel::SendAndWait] Error: Channel error: cannot send/recv

ad VR Path Registry from C:\Users\BertoTech\AppData\Local\openvr\openvrpaths.vrpath
[Parent 4644, Gecko_IOThread] WARNING: pipe error: 109: file z:/build/build/src/ipc/chromium/src/chrome/common/ipc_channel_win.cc, line 346

###!!! [Parent][MessageChannel] Error: (msgtype=0x15008C,name=PBrowser::Msg_UpdateNativeWindowHandle) Closed channel: cannot send/recv


###!!! [Parent][MessageChannel] Error: (msgtype=0x15007F,name=PBrowser::Msg_Destroy) Closed channel: cannot send/recv


###!!! [Child][MessageChannel] Error: (msgtype=0x54002E,name=PNecko::Msg_GetExtensionFD) Channel closing: too late to send/recv, messages will be lost


###!!! [Child][MessageChannel] Error: (msgtype=0x54002E,name=PNecko::Msg_GetExtensionFD) Channel closing: too late to send/recv, messages will be lost


###!!! [Child][MessageChannel] Error: (msgtype=0x6E0001,name=PScriptCache::Msg___delete__) Channel closing: too late to send/recv, messages will be lost


###!!! [Child][RunMessage] Error: Channel closing: too late to send/recv, messages will be lost


###!!! [Child][MessageChannel] Error: (msgtype=0x150001,name=PBrowser::Msg_AsyncMessage) Closed channel: cannot send/recv

JavaScript error: chrome://global/content/browser-child.js, line 117: NS_ERROR_UNEXPECTED: Component returned failure code: 0x8000ffff (NS_ERROR_UNEXPECTED) [nsIMessageSender.sendAsyncMessage]
[Parent 4644, Gecko_IOThread] WARNING: pipe error: 109: file z:/build/build/src/ipc/chromium/src/chrome/common/ipc_channel_win.cc, line 346
[Child 4212, Chrome_ChildThread] WARNING: pipe error: 109: file z:/build/build/src/ipc/chromium/src/chrome/common/ipc_channel_win.cc, line 346
[Child 4212,*** UTM:SVC TimerManager:registerTimer called after profile-before-change notification. Ignoring timer registration for id: telemetry_modules_ping

###!!! [Child][MessageChannel::SendAndWait] Error: Channel error: cannot send/recv

lemetry_modules_ping

###!!! [Child][MessageChannel::SendAndWait] Error: Channel error: cannot send/recv

